{"D:\\NODE\\CRUD\\server\\src\\app.js": {"path":"D:\\NODE\\CRUD\\server\\src\\app.js","statementMap":{"0":{"start":{"line":1,"column":16},"end":{"line":1,"column":34}},"1":{"start":{"line":3,"column":19},"end":{"line":3,"column":41}},"2":{"start":{"line":4,"column":13},"end":{"line":4,"column":28}},"3":{"start":{"line":5,"column":15},"end":{"line":5,"column":32}},"4":{"start":{"line":7,"column":12},"end":{"line":7,"column":21}},"5":{"start":{"line":8,"column":0},"end":{"line":8,"column":27}},"6":{"start":{"line":9,"column":0},"end":{"line":9,"column":26}},"7":{"start":{"line":11,"column":0},"end":{"line":11,"column":15}},"8":{"start":{"line":15,"column":0},"end":{"line":15,"column":24}},"9":{"start":{"line":16,"column":0},"end":{"line":16,"column":20}}},"fnMap":{},"branchMap":{},"s":{"0":2,"1":2,"2":2,"3":2,"4":2,"5":2,"6":2,"7":2,"8":2,"9":2},"f":{},"b":{},"_coverageSchema":"1a1c01bbd47fc00a2c39e90264f33305004495a9","hash":"e911e6f2401c61a895813d6a3b9b330919c4fe2e"}
,"D:\\NODE\\CRUD\\server\\src\\routes.js": {"path":"D:\\NODE\\CRUD\\server\\src\\routes.js","statementMap":{"0":{"start":{"line":1,"column":33},"end":{"line":1,"column":82}},"1":{"start":{"line":2,"column":23},"end":{"line":2,"column":62}},"2":{"start":{"line":3,"column":0},"end":{"line":3,"column":37}},"3":{"start":{"line":4,"column":0},"end":{"line":4,"column":27}},"4":{"start":{"line":6,"column":0},"end":{"line":13,"column":1}},"5":{"start":{"line":7,"column":2},"end":{"line":7,"column":56}},"6":{"start":{"line":8,"column":2},"end":{"line":8,"column":47}},"7":{"start":{"line":9,"column":2},"end":{"line":9,"column":41}},"8":{"start":{"line":10,"column":2},"end":{"line":10,"column":40}},"9":{"start":{"line":11,"column":2},"end":{"line":11,"column":44}},"10":{"start":{"line":12,"column":2},"end":{"line":12,"column":44}}},"fnMap":{"0":{"name":"(anonymous_0)","decl":{"start":{"line":6,"column":17},"end":{"line":6,"column":18}},"loc":{"start":{"line":6,"column":26},"end":{"line":13,"column":1}},"line":6}},"branchMap":{},"s":{"0":2,"1":2,"2":2,"3":2,"4":2,"5":2,"6":2,"7":2,"8":2,"9":2,"10":2},"f":{"0":2},"b":{},"_coverageSchema":"1a1c01bbd47fc00a2c39e90264f33305004495a9","hash":"3366eb4da9e08cdba321e1a864a3dca990138324"}
,"D:\\NODE\\CRUD\\server\\src\\config\\config.js": {"path":"D:\\NODE\\CRUD\\server\\src\\config\\config.js","statementMap":{"0":{"start":{"line":1,"column":0},"end":{"line":13,"column":1}}},"fnMap":{},"branchMap":{"0":{"loc":{"start":{"line":2,"column":8},"end":{"line":2,"column":32}},"type":"binary-expr","locations":[{"start":{"line":2,"column":8},"end":{"line":2,"column":24}},{"start":{"line":2,"column":28},"end":{"line":2,"column":32}}],"line":2}},"s":{"0":2},"f":{},"b":{"0":[2,2]},"_coverageSchema":"1a1c01bbd47fc00a2c39e90264f33305004495a9","hash":"10c2e82db1cfc4947c93ed613f0f0dc88b77a353"}
,"D:\\NODE\\CRUD\\server\\src\\controllers\\AuthenticationController.js": {"path":"D:\\NODE\\CRUD\\server\\src\\controllers\\AuthenticationController.js","statementMap":{"0":{"start":{"line":1,"column":17},"end":{"line":1,"column":43}},"1":{"start":{"line":3,"column":0},"end":{"line":3,"column":17}},"2":{"start":{"line":5,"column":0},"end":{"line":51,"column":1}},"3":{"start":{"line":7,"column":4},"end":{"line":23,"column":5}},"4":{"start":{"line":8,"column":6},"end":{"line":8,"column":46}},"5":{"start":{"line":9,"column":6},"end":{"line":9,"column":27}},"6":{"start":{"line":10,"column":6},"end":{"line":10,"column":32}},"7":{"start":{"line":11,"column":19},"end":{"line":11,"column":46}},"8":{"start":{"line":12,"column":6},"end":{"line":12,"column":32}},"9":{"start":{"line":13,"column":6},"end":{"line":13,"column":36}},"10":{"start":{"line":14,"column":6},"end":{"line":16,"column":8}},"11":{"start":{"line":18,"column":6},"end":{"line":18,"column":22}},"12":{"start":{"line":19,"column":6},"end":{"line":22,"column":8}},"13":{"start":{"line":26,"column":4},"end":{"line":49,"column":5}},"14":{"start":{"line":27,"column":6},"end":{"line":27,"column":37}},"15":{"start":{"line":28,"column":6},"end":{"line":28,"column":27}},"16":{"start":{"line":29,"column":37},"end":{"line":29,"column":45}},"17":{"start":{"line":30,"column":6},"end":{"line":30,"column":38}},"18":{"start":{"line":31,"column":19},"end":{"line":36,"column":8}},"19":{"start":{"line":37,"column":6},"end":{"line":46,"column":7}},"20":{"start":{"line":38,"column":8},"end":{"line":38,"column":30}},"21":{"start":{"line":39,"column":8},"end":{"line":41,"column":10}},"22":{"start":{"line":43,"column":8},"end":{"line":45,"column":10}},"23":{"start":{"line":48,"column":6},"end":{"line":48,"column":22}}},"fnMap":{"0":{"name":"(anonymous_0)","decl":{"start":{"line":6,"column":2},"end":{"line":6,"column":3}},"loc":{"start":{"line":6,"column":28},"end":{"line":24,"column":3}},"line":6},"1":{"name":"(anonymous_1)","decl":{"start":{"line":25,"column":2},"end":{"line":25,"column":3}},"loc":{"start":{"line":25,"column":25},"end":{"line":50,"column":3}},"line":25}},"branchMap":{"0":{"loc":{"start":{"line":37,"column":6},"end":{"line":46,"column":7}},"type":"if","locations":[{"start":{"line":37,"column":6},"end":{"line":46,"column":7}},{"start":{"line":42,"column":13},"end":{"line":46,"column":7}}],"line":37}},"s":{"0":2,"1":2,"2":2,"3":3,"4":3,"5":3,"6":3,"7":3,"8":1,"9":1,"10":1,"11":2,"12":2,"13":3,"14":3,"15":3,"16":3,"17":3,"18":3,"19":3,"20":2,"21":2,"22":1,"23":0},"f":{"0":3,"1":3},"b":{"0":[2,1]},"_coverageSchema":"1a1c01bbd47fc00a2c39e90264f33305004495a9","hash":"c80ddf8b3a1a8d4b491a02c1ed3e06e3f02826ef"}
,"D:\\NODE\\CRUD\\server\\src\\controllers\\CrudController.js": {"path":"D:\\NODE\\CRUD\\server\\src\\controllers\\CrudController.js","statementMap":{"0":{"start":{"line":1,"column":21},"end":{"line":1,"column":47}},"1":{"start":{"line":4,"column":0},"end":{"line":4,"column":21}},"2":{"start":{"line":6,"column":0},"end":{"line":87,"column":1}},"3":{"start":{"line":8,"column":4},"end":{"line":23,"column":5}},"4":{"start":{"line":9,"column":6},"end":{"line":9,"column":38}},"5":{"start":{"line":10,"column":6},"end":{"line":10,"column":27}},"6":{"start":{"line":11,"column":23},"end":{"line":11,"column":54}},"7":{"start":{"line":12,"column":6},"end":{"line":12,"column":36}},"8":{"start":{"line":13,"column":6},"end":{"line":13,"column":36}},"9":{"start":{"line":14,"column":6},"end":{"line":16,"column":8}},"10":{"start":{"line":18,"column":6},"end":{"line":18,"column":22}},"11":{"start":{"line":19,"column":6},"end":{"line":22,"column":8}},"12":{"start":{"line":26,"column":4},"end":{"line":40,"column":5}},"13":{"start":{"line":27,"column":6},"end":{"line":27,"column":39}},"14":{"start":{"line":29,"column":21},"end":{"line":29,"column":23}},"15":{"start":{"line":30,"column":6},"end":{"line":30,"column":41}},"16":{"start":{"line":31,"column":6},"end":{"line":33,"column":8}},"17":{"start":{"line":35,"column":6},"end":{"line":35,"column":22}},"18":{"start":{"line":36,"column":6},"end":{"line":39,"column":8}},"19":{"start":{"line":43,"column":4},"end":{"line":66,"column":5}},"20":{"start":{"line":44,"column":6},"end":{"line":44,"column":40}},"21":{"start":{"line":45,"column":6},"end":{"line":45,"column":27}},"22":{"start":{"line":46,"column":23},"end":{"line":55,"column":7}},"23":{"start":{"line":56,"column":6},"end":{"line":56,"column":27}},"24":{"start":{"line":57,"column":6},"end":{"line":59,"column":8}},"25":{"start":{"line":61,"column":6},"end":{"line":61,"column":22}},"26":{"start":{"line":62,"column":6},"end":{"line":65,"column":8}},"27":{"start":{"line":69,"column":4},"end":{"line":85,"column":5}},"28":{"start":{"line":70,"column":6},"end":{"line":70,"column":40}},"29":{"start":{"line":71,"column":6},"end":{"line":71,"column":27}},"30":{"start":{"line":72,"column":23},"end":{"line":74,"column":7}},"31":{"start":{"line":75,"column":6},"end":{"line":75,"column":27}},"32":{"start":{"line":76,"column":6},"end":{"line":78,"column":8}},"33":{"start":{"line":80,"column":6},"end":{"line":80,"column":22}},"34":{"start":{"line":81,"column":6},"end":{"line":84,"column":8}}},"fnMap":{"0":{"name":"(anonymous_0)","decl":{"start":{"line":7,"column":2},"end":{"line":7,"column":3}},"loc":{"start":{"line":7,"column":23},"end":{"line":24,"column":3}},"line":7},"1":{"name":"(anonymous_1)","decl":{"start":{"line":25,"column":2},"end":{"line":25,"column":3}},"loc":{"start":{"line":25,"column":24},"end":{"line":41,"column":3}},"line":25},"2":{"name":"(anonymous_2)","decl":{"start":{"line":42,"column":2},"end":{"line":42,"column":3}},"loc":{"start":{"line":42,"column":26},"end":{"line":67,"column":3}},"line":42},"3":{"name":"(anonymous_3)","decl":{"start":{"line":68,"column":2},"end":{"line":68,"column":3}},"loc":{"start":{"line":68,"column":26},"end":{"line":86,"column":3}},"line":68}},"branchMap":{},"s":{"0":2,"1":2,"2":2,"3":1,"4":1,"5":1,"6":1,"7":1,"8":1,"9":1,"10":0,"11":0,"12":1,"13":1,"14":1,"15":1,"16":1,"17":0,"18":0,"19":1,"20":1,"21":1,"22":1,"23":1,"24":1,"25":0,"26":0,"27":1,"28":1,"29":1,"30":1,"31":1,"32":1,"33":0,"34":0},"f":{"0":1,"1":1,"2":1,"3":1},"b":{},"_coverageSchema":"1a1c01bbd47fc00a2c39e90264f33305004495a9","hash":"cafbc4efba54e9c88959af5b69d166026e669373"}
,"D:\\NODE\\CRUD\\server\\src\\models\\add.js": {"path":"D:\\NODE\\CRUD\\server\\src\\models\\add.js","statementMap":{"0":{"start":{"line":1,"column":0},"end":{"line":27,"column":1}},"1":{"start":{"line":2,"column":19},"end":{"line":24,"column":4}},"2":{"start":{"line":26,"column":2},"end":{"line":26,"column":17}}},"fnMap":{"0":{"name":"(anonymous_0)","decl":{"start":{"line":1,"column":17},"end":{"line":1,"column":18}},"loc":{"start":{"line":1,"column":43},"end":{"line":27,"column":1}},"line":1}},"branchMap":{},"s":{"0":2,"1":2,"2":2},"f":{"0":2},"b":{},"_coverageSchema":"1a1c01bbd47fc00a2c39e90264f33305004495a9","hash":"abf42c8b748902e0ea2f0fb8a0ee22a749dc6c9a"}
,"D:\\NODE\\CRUD\\server\\src\\models\\index.js": {"path":"D:\\NODE\\CRUD\\server\\src\\models\\index.js","statementMap":{"0":{"start":{"line":1,"column":11},"end":{"line":1,"column":24}},"1":{"start":{"line":2,"column":13},"end":{"line":2,"column":28}},"2":{"start":{"line":3,"column":18},"end":{"line":3,"column":38}},"3":{"start":{"line":4,"column":15},"end":{"line":4,"column":42}},"4":{"start":{"line":5,"column":11},"end":{"line":5,"column":13}},"5":{"start":{"line":7,"column":18},"end":{"line":12,"column":1}},"6":{"start":{"line":14,"column":0},"end":{"line":22,"column":4}},"7":{"start":{"line":17,"column":4},"end":{"line":17,"column":23}},"8":{"start":{"line":20,"column":18},"end":{"line":20,"column":85}},"9":{"start":{"line":21,"column":4},"end":{"line":21,"column":26}},"10":{"start":{"line":24,"column":0},"end":{"line":24,"column":24}},"11":{"start":{"line":25,"column":0},"end":{"line":25,"column":24}},"12":{"start":{"line":27,"column":0},"end":{"line":27,"column":19}}},"fnMap":{"0":{"name":"(anonymous_0)","decl":{"start":{"line":16,"column":10},"end":{"line":16,"column":11}},"loc":{"start":{"line":17,"column":4},"end":{"line":17,"column":23}},"line":17},"1":{"name":"(anonymous_1)","decl":{"start":{"line":19,"column":11},"end":{"line":19,"column":12}},"loc":{"start":{"line":19,"column":21},"end":{"line":22,"column":3}},"line":19}},"branchMap":{},"s":{"0":2,"1":2,"2":2,"3":2,"4":2,"5":2,"6":2,"7":6,"8":4,"9":4,"10":2,"11":2,"12":2},"f":{"0":6,"1":4},"b":{},"_coverageSchema":"1a1c01bbd47fc00a2c39e90264f33305004495a9","hash":"ff823a46d3b188739490800e29d3d6417065d235"}
,"D:\\NODE\\CRUD\\server\\src\\models\\user.js": {"path":"D:\\NODE\\CRUD\\server\\src\\models\\user.js","statementMap":{"0":{"start":{"line":1,"column":0},"end":{"line":35,"column":1}},"1":{"start":{"line":2,"column":15},"end":{"line":32,"column":4}},"2":{"start":{"line":34,"column":2},"end":{"line":34,"column":13}}},"fnMap":{"0":{"name":"(anonymous_0)","decl":{"start":{"line":1,"column":17},"end":{"line":1,"column":18}},"loc":{"start":{"line":1,"column":43},"end":{"line":35,"column":1}},"line":1}},"branchMap":{},"s":{"0":2,"1":2,"2":2},"f":{"0":2},"b":{},"_coverageSchema":"1a1c01bbd47fc00a2c39e90264f33305004495a9","hash":"1b4936828263b950ccbc2c67f29ac53099dfaa56"}
}
