<?xml version="1.0" encoding="UTF-8"?>
<coverage generated="1643306337553" clover="3.2.0">
  <project timestamp="1643306337553" name="All files">
    <metrics statements="61" coveredstatements="11" conditionals="25" coveredconditionals="4" methods="12" coveredmethods="2" elements="98" coveredelements="17" complexity="0" loc="61" ncloc="61" packages="3" files="4" classes="4"/>
    <package name="root">
      <metrics statements="19" coveredstatements="3" conditionals="10" coveredconditionals="2" methods="0" coveredmethods="0"/>
      <file name="unknown" path="unknown">
        <metrics statements="19" coveredstatements="3" conditionals="10" coveredconditionals="2" methods="0" coveredmethods="0"/>
        <line num="32" count="7" type="stmt"/>
        <line num="44" count="7" type="cond" truecount="2" falsecount="2"/>
        <line num="45" count="0" type="stmt"/>
        <line num="47" count="7" type="stmt"/>
        <line num="54" count="0" type="cond" truecount="0" falsecount="2"/>
        <line num="55" count="0" type="stmt"/>
        <line num="57" count="0" type="stmt"/>
        <line num="62" count="0" type="cond" truecount="0" falsecount="2"/>
        <line num="63" count="0" type="stmt"/>
        <line num="65" count="0" type="stmt"/>
        <line num="69" count="0" type="stmt"/>
        <line num="70" count="0" type="stmt"/>
        <line num="71" count="0" type="stmt"/>
        <line num="75" count="0" type="stmt"/>
        <line num="76" count="0" type="stmt"/>
        <line num="78" count="0" type="stmt"/>
        <line num="79" count="0" type="stmt"/>
        <line num="80" count="0" type="cond" truecount="0" falsecount="2"/>
        <line num="82" count="0" type="stmt"/>
      </file>
    </package>
    <package name="root.NODE.CRUD.client.src.components">
      <metrics statements="27" coveredstatements="7" conditionals="15" coveredconditionals="2" methods="5" coveredmethods="2"/>
      <file name="Login.vue" path="D:\NODE\CRUD\client\src\components\Login.vue">
        <metrics statements="27" coveredstatements="7" conditionals="15" coveredconditionals="2" methods="5" coveredmethods="2"/>
        <line num="28" count="1" type="stmt"/>
        <line num="31" count="7" type="stmt"/>
        <line num="32" count="7" type="stmt"/>
        <line num="43" count="7" type="stmt"/>
        <line num="44" count="7" type="cond" truecount="2" falsecount="2"/>
        <line num="45" count="0" type="stmt"/>
        <line num="46" count="14" type="stmt"/>
        <line num="47" count="7" type="stmt"/>
        <line num="52" count="0" type="stmt"/>
        <line num="54" count="0" type="cond" truecount="0" falsecount="2"/>
        <line num="55" count="0" type="stmt"/>
        <line num="56" count="0" type="stmt"/>
        <line num="57" count="0" type="stmt"/>
        <line num="60" count="0" type="stmt"/>
        <line num="62" count="0" type="cond" truecount="0" falsecount="2"/>
        <line num="63" count="0" type="stmt"/>
        <line num="64" count="0" type="stmt"/>
        <line num="65" count="0" type="stmt"/>
        <line num="68" count="0" type="cond" truecount="0" falsecount="5"/>
        <line num="69" count="0" type="stmt"/>
        <line num="71" count="0" type="stmt"/>
        <line num="75" count="0" type="stmt"/>
        <line num="76" count="0" type="stmt"/>
        <line num="78" count="0" type="stmt"/>
        <line num="79" count="0" type="stmt"/>
        <line num="80" count="0" type="cond" truecount="0" falsecount="2"/>
        <line num="82" count="0" type="stmt"/>
      </file>
    </package>
    <package name="root.NODE.CRUD.client.src.services">
      <metrics statements="15" coveredstatements="1" conditionals="0" coveredconditionals="0" methods="7" coveredmethods="0"/>
      <file name="AuthenticationService.js" path="D:\NODE\CRUD\client\src\services\AuthenticationService.js">
        <metrics statements="14" coveredstatements="1" conditionals="0" coveredconditionals="0" methods="6" coveredmethods="0"/>
        <line num="2" count="1" type="stmt"/>
        <line num="6" count="0" type="stmt"/>
        <line num="9" count="0" type="stmt"/>
        <line num="12" count="0" type="stmt"/>
        <line num="15" count="0" type="stmt"/>
        <line num="18" count="0" type="stmt"/>
        <line num="19" count="0" type="stmt"/>
        <line num="20" count="0" type="stmt"/>
        <line num="23" count="0" type="stmt"/>
        <line num="25" count="0" type="stmt"/>
        <line num="28" count="0" type="stmt"/>
        <line num="30" count="0" type="stmt"/>
        <line num="33" count="0" type="stmt"/>
        <line num="35" count="0" type="stmt"/>
      </file>
      <file name="api.js" path="D:\NODE\CRUD\client\src\services\api.js">
        <metrics statements="1" coveredstatements="0" conditionals="0" coveredconditionals="0" methods="1" coveredmethods="0"/>
        <line num="4" count="0" type="stmt"/>
      </file>
    </package>
  </project>
</coverage>
