{"unknown": {"path":"unknown","statementMap":{"0":{"start":{"line":32,"column":4},"end":{"line":40,"column":5}},"1":{"start":{"line":44,"column":6},"end":{"line":48,"column":7}},"2":{"start":{"line":45,"column":8},"end":{"line":45,"column":20}},"3":{"start":{"line":47,"column":8},"end":{"line":47,"column":19}},"4":{"start":{"line":54,"column":6},"end":{"line":58,"column":7}},"5":{"start":{"line":55,"column":8},"end":{"line":55,"column":49}},"6":{"start":{"line":57,"column":8},"end":{"line":57,"column":51}},"7":{"start":{"line":62,"column":6},"end":{"line":66,"column":7}},"8":{"start":{"line":63,"column":8},"end":{"line":63,"column":49}},"9":{"start":{"line":65,"column":8},"end":{"line":65,"column":51}},"10":{"start":{"line":69,"column":6},"end":{"line":69,"column":25}},"11":{"start":{"line":70,"column":6},"end":{"line":84,"column":7}},"12":{"start":{"line":71,"column":25},"end":{"line":74,"column":10}},"13":{"start":{"line":75,"column":8},"end":{"line":75,"column":29}},"14":{"start":{"line":76,"column":8},"end":{"line":76,"column":38}},"15":{"start":{"line":78,"column":8},"end":{"line":78,"column":46}},"16":{"start":{"line":79,"column":8},"end":{"line":79,"column":31}},"17":{"start":{"line":80,"column":8},"end":{"line":83,"column":9}},"18":{"start":{"line":82,"column":10},"end":{"line":82,"column":32}}},"fnMap":{},"branchMap":{"0":{"loc":{"start":{"line":44,"column":6},"end":{"line":48,"column":7}},"type":"if","locations":[{"start":{"line":44,"column":6},"end":{"line":48,"column":7}},{"start":{"line":44,"column":6},"end":{"line":48,"column":7}}],"line":44},"1":{"loc":{"start":{"line":44,"column":10},"end":{"line":44,"column":100}},"type":"binary-expr","locations":[{"start":{"line":44,"column":10},"end":{"line":44,"column":53}},{"start":{"line":44,"column":57},"end":{"line":44,"column":100}}],"line":44},"2":{"loc":{"start":{"line":54,"column":6},"end":{"line":58,"column":7}},"type":"if","locations":[{"start":{"line":54,"column":6},"end":{"line":58,"column":7}},{"start":{"line":54,"column":6},"end":{"line":58,"column":7}}],"line":54},"3":{"loc":{"start":{"line":62,"column":6},"end":{"line":66,"column":7}},"type":"if","locations":[{"start":{"line":62,"column":6},"end":{"line":66,"column":7}},{"start":{"line":62,"column":6},"end":{"line":66,"column":7}}],"line":62},"4":{"loc":{"start":{"line":80,"column":8},"end":{"line":83,"column":9}},"type":"if","locations":[{"start":{"line":80,"column":8},"end":{"line":83,"column":9}},{"start":{"line":80,"column":8},"end":{"line":83,"column":9}}],"line":80}},"s":{"0":7,"1":7,"2":0,"3":7,"4":0,"5":0,"6":0,"7":0,"8":0,"9":0,"10":0,"11":0,"12":0,"13":0,"14":0,"15":0,"16":0,"17":0,"18":0},"f":{},"b":{"0":[0,7],"1":[7,0],"2":[0,0],"3":[0,0],"4":[0,0]},"_coverageSchema":"332fd63041d2c1bcb487cc26dd0d5f7d97098a6c","hash":"af7870cd452ac3cfcfb2768c2f669ec2de730467"}
,"D:\\NODE\\CRUD\\client\\src\\components\\Login.vue": {"path":"D:\\NODE\\CRUD\\client\\src\\components\\Login.vue","statementMap":{"0":{"start":{"line":28,"column":0},"end":{"line":28,"column":null}},"1":{"start":{"line":31,"column":0},"end":{"line":31,"column":null}},"2":{"start":{"line":32,"column":0},"end":{"line":32,"column":null}},"3":{"start":{"line":43,"column":0},"end":{"line":43,"column":null}},"4":{"start":{"line":44,"column":0},"end":{"line":48,"column":null}},"5":{"start":{"line":44,"column":0},"end":{"line":44,"column":null}},"6":{"start":{"line":45,"column":0},"end":{"line":45,"column":null}},"7":{"start":{"line":46,"column":0},"end":{"line":46,"column":null}},"8":{"start":{"line":47,"column":0},"end":{"line":47,"column":null}},"9":{"start":{"line":52,"column":0},"end":{"line":52,"column":null}},"10":{"start":{"line":54,"column":0},"end":{"line":58,"column":null}},"11":{"start":{"line":54,"column":0},"end":{"line":54,"column":null}},"12":{"start":{"line":55,"column":0},"end":{"line":55,"column":null}},"13":{"start":{"line":56,"column":0},"end":{"line":56,"column":null}},"14":{"start":{"line":57,"column":0},"end":{"line":57,"column":null}},"15":{"start":{"line":60,"column":0},"end":{"line":60,"column":null}},"16":{"start":{"line":62,"column":0},"end":{"line":66,"column":null}},"17":{"start":{"line":62,"column":0},"end":{"line":62,"column":null}},"18":{"start":{"line":63,"column":0},"end":{"line":63,"column":null}},"19":{"start":{"line":64,"column":0},"end":{"line":64,"column":null}},"20":{"start":{"line":65,"column":0},"end":{"line":65,"column":null}},"21":{"start":{"line":68,"column":0},"end":{"line":68,"column":null}},"22":{"start":{"line":69,"column":0},"end":{"line":69,"column":null}},"23":{"start":{"line":68,"column":0},"end":{"line":71,"column":null}},"24":{"start":{"line":71,"column":0},"end":{"line":71,"column":null}},"25":{"start":{"line":75,"column":0},"end":{"line":75,"column":null}},"26":{"start":{"line":76,"column":0},"end":{"line":76,"column":null}},"27":{"start":{"line":78,"column":0},"end":{"line":78,"column":null}},"28":{"start":{"line":79,"column":0},"end":{"line":79,"column":null}},"29":{"start":{"line":80,"column":0},"end":{"line":80,"column":null}},"30":{"start":{"line":82,"column":0},"end":{"line":82,"column":null}}},"fnMap":{"0":{"name":"data","decl":{"start":{"line":31,"column":0},"end":{"line":31,"column":null}},"loc":{"start":{"line":31,"column":0},"end":{"line":41,"column":null}}},"1":{"name":"isDisabled","decl":{"start":{"line":43,"column":0},"end":{"line":43,"column":null}},"loc":{"start":{"line":43,"column":0},"end":{"line":49,"column":null}}},"2":{"name":"validateEmail","decl":{"start":{"line":52,"column":0},"end":{"line":52,"column":null}},"loc":{"start":{"line":52,"column":0},"end":{"line":59,"column":null}}},"3":{"name":"validatePassword","decl":{"start":{"line":60,"column":0},"end":{"line":60,"column":null}},"loc":{"start":{"line":60,"column":0},"end":{"line":67,"column":null}}},"4":{"name":"getLogin","decl":{"start":{"line":68,"column":0},"end":{"line":68,"column":null}},"loc":{"start":{"line":68,"column":0},"end":{"line":85,"column":null}}}},"branchMap":{"0":{"loc":{"start":{"line":44,"column":0},"end":{"line":48,"column":null}},"type":"if","locations":[{"start":{"line":44,"column":0},"end":{"line":48,"column":null}},{"start":{"line":44,"column":0},"end":{"line":48,"column":null}}]},"1":{"loc":{"start":{"line":44,"column":0},"end":{"line":44,"column":null}},"type":"binary-expr","locations":[{"start":{"line":44,"column":0},"end":{"line":44,"column":null}},{"start":{"line":44,"column":0},"end":{"line":44,"column":null}}]},"2":{"loc":{"start":{"line":54,"column":0},"end":{"line":58,"column":null}},"type":"if","locations":[{"start":{"line":54,"column":0},"end":{"line":58,"column":null}},{"start":{"line":54,"column":0},"end":{"line":58,"column":null}}]},"3":{"loc":{"start":{"line":62,"column":0},"end":{"line":66,"column":null}},"type":"if","locations":[{"start":{"line":62,"column":0},"end":{"line":66,"column":null}},{"start":{"line":62,"column":0},"end":{"line":66,"column":null}}]},"4":{"loc":{"start":{"line":68,"column":0},"end":{"line":71,"column":null}},"type":"switch","locations":[{"start":{"line":68,"column":0},"end":{"line":71,"column":null}},{"start":{"line":68,"column":0},"end":{"line":68,"column":null}},{"start":{"line":68,"column":0},"end":{"line":80,"column":null}},{"start":{"line":68,"column":0},"end":{"line":68,"column":null}},{"start":{"line":68,"column":0},"end":{"line":68,"column":null}}]},"5":{"loc":{"start":{"line":80,"column":0},"end":{"line":80,"column":null}},"type":"if","locations":[{"start":{"line":80,"column":0},"end":{"line":80,"column":null}},{"start":{"line":80,"column":0},"end":{"line":80,"column":null}}]}},"s":{"0":1,"1":7,"2":7,"3":7,"4":7,"5":0,"6":0,"7":14,"8":7,"9":0,"10":0,"11":0,"12":0,"13":0,"14":0,"15":0,"16":0,"17":0,"18":0,"19":0,"20":0,"21":0,"22":0,"23":0,"24":0,"25":0,"26":0,"27":0,"28":0,"29":0,"30":0},"f":{"0":7,"1":7,"2":0,"3":0,"4":0},"b":{"0":[0,7],"1":[7,0],"2":[0,0],"3":[0,0],"4":[0,0,0,0,0],"5":[0,0]}}
,"D:\\NODE\\CRUD\\client\\src\\services\\AuthenticationService.js": {"path":"D:\\NODE\\CRUD\\client\\src\\services\\AuthenticationService.js","statementMap":{"0":{"start":{"line":2,"column":0},"end":{"line":2,"column":24}},"1":{"start":{"line":6,"column":4},"end":{"line":6,"column":30}},"2":{"start":{"line":9,"column":4},"end":{"line":9,"column":44}},"3":{"start":{"line":12,"column":4},"end":{"line":12,"column":24}},"4":{"start":{"line":15,"column":4},"end":{"line":15,"column":39}},"5":{"start":{"line":18,"column":4},"end":{"line":18,"column":25}},"6":{"start":{"line":19,"column":4},"end":{"line":19,"column":28}},"7":{"start":{"line":20,"column":4},"end":{"line":20,"column":45}},"8":{"start":{"line":23,"column":4},"end":{"line":23,"column":26}},"9":{"start":{"line":25,"column":4},"end":{"line":25,"column":30}},"10":{"start":{"line":28,"column":4},"end":{"line":28,"column":27}},"11":{"start":{"line":30,"column":4},"end":{"line":30,"column":45}},"12":{"start":{"line":33,"column":4},"end":{"line":33,"column":27}},"13":{"start":{"line":35,"column":4},"end":{"line":35,"column":45}}},"fnMap":{"0":{"name":"(anonymous_0)","decl":{"start":{"line":5,"column":2},"end":{"line":5,"column":3}},"loc":{"start":{"line":5,"column":25},"end":{"line":10,"column":3}},"line":5},"1":{"name":"(anonymous_1)","decl":{"start":{"line":11,"column":2},"end":{"line":11,"column":3}},"loc":{"start":{"line":11,"column":22},"end":{"line":16,"column":3}},"line":11},"2":{"name":"(anonymous_2)","decl":{"start":{"line":17,"column":2},"end":{"line":17,"column":3}},"loc":{"start":{"line":17,"column":20},"end":{"line":21,"column":3}},"line":17},"3":{"name":"(anonymous_3)","decl":{"start":{"line":22,"column":2},"end":{"line":22,"column":3}},"loc":{"start":{"line":22,"column":10},"end":{"line":26,"column":3}},"line":22},"4":{"name":"(anonymous_4)","decl":{"start":{"line":27,"column":2},"end":{"line":27,"column":3}},"loc":{"start":{"line":27,"column":23},"end":{"line":31,"column":3}},"line":27},"5":{"name":"(anonymous_5)","decl":{"start":{"line":32,"column":2},"end":{"line":32,"column":3}},"loc":{"start":{"line":32,"column":23},"end":{"line":36,"column":3}},"line":32}},"branchMap":{},"s":{"0":1,"1":0,"2":0,"3":0,"4":0,"5":0,"6":0,"7":0,"8":0,"9":0,"10":0,"11":0,"12":0,"13":0},"f":{"0":0,"1":0,"2":0,"3":0,"4":0,"5":0},"b":{},"_coverageSchema":"43e27e138ebf9cfc5966b082cf9a028302ed4184","hash":"7f101bd17d686ae51437431e326add0439e4a13a"}
,"D:\\NODE\\CRUD\\client\\src\\services\\api.js": {"path":"D:\\NODE\\CRUD\\client\\src\\services\\api.js","statementMap":{"0":{"start":{"line":4,"column":2},"end":{"line":6,"column":4}}},"fnMap":{"0":{"name":"(anonymous_0)","decl":{"start":{"line":3,"column":15},"end":{"line":3,"column":16}},"loc":{"start":{"line":3,"column":21},"end":{"line":7,"column":1}},"line":3}},"branchMap":{},"s":{"0":0},"f":{"0":0},"b":{},"_coverageSchema":"43e27e138ebf9cfc5966b082cf9a028302ed4184","hash":"00e8fb287fe80384b18a741c07767072d5fc5dd5"}
}
