{"unknown": {"path":"unknown","statementMap":{"0":{"start":{"line":315,"column":4},"end":{"line":334,"column":5}},"1":{"start":{"line":338,"column":6},"end":{"line":338,"column":46}},"2":{"start":{"line":339,"column":6},"end":{"line":339,"column":50}},"3":{"start":{"line":340,"column":6},"end":{"line":340,"column":50}},"4":{"start":{"line":341,"column":6},"end":{"line":341,"column":57}},"5":{"start":{"line":342,"column":6},"end":{"line":342,"column":51}},"6":{"start":{"line":343,"column":6},"end":{"line":347,"column":7}},"7":{"start":{"line":344,"column":8},"end":{"line":344,"column":20}},"8":{"start":{"line":346,"column":8},"end":{"line":346,"column":19}},"9":{"start":{"line":354,"column":6},"end":{"line":358,"column":7}},"10":{"start":{"line":355,"column":8},"end":{"line":355,"column":45}},"11":{"start":{"line":357,"column":8},"end":{"line":357,"column":47}},"12":{"start":{"line":362,"column":6},"end":{"line":366,"column":7}},"13":{"start":{"line":363,"column":8},"end":{"line":363,"column":49}},"14":{"start":{"line":365,"column":8},"end":{"line":365,"column":51}},"15":{"start":{"line":370,"column":6},"end":{"line":374,"column":7}},"16":{"start":{"line":371,"column":8},"end":{"line":371,"column":49}},"17":{"start":{"line":373,"column":8},"end":{"line":373,"column":51}},"18":{"start":{"line":377,"column":6},"end":{"line":381,"column":7}},"19":{"start":{"line":378,"column":8},"end":{"line":378,"column":58}},"20":{"start":{"line":380,"column":8},"end":{"line":380,"column":56}},"21":{"start":{"line":385,"column":6},"end":{"line":389,"column":7}},"22":{"start":{"line":386,"column":8},"end":{"line":386,"column":46}},"23":{"start":{"line":388,"column":8},"end":{"line":388,"column":44}},"24":{"start":{"line":393,"column":29},"end":{"line":393,"column":75}},"25":{"start":{"line":394,"column":23},"end":{"line":394,"column":48}},"26":{"start":{"line":395,"column":6},"end":{"line":399,"column":7}},"27":{"start":{"line":396,"column":8},"end":{"line":396,"column":52}},"28":{"start":{"line":398,"column":8},"end":{"line":398,"column":50}},"29":{"start":{"line":403,"column":6},"end":{"line":423,"column":7}},"30":{"start":{"line":404,"column":25},"end":{"line":412,"column":10}},"31":{"start":{"line":413,"column":8},"end":{"line":413,"column":29}},"32":{"start":{"line":414,"column":8},"end":{"line":414,"column":54}},"33":{"start":{"line":415,"column":8},"end":{"line":415,"column":30}},"34":{"start":{"line":417,"column":8},"end":{"line":417,"column":46}},"35":{"start":{"line":418,"column":8},"end":{"line":418,"column":31}},"36":{"start":{"line":419,"column":8},"end":{"line":422,"column":9}},"37":{"start":{"line":420,"column":10},"end":{"line":420,"column":32}},"38":{"start":{"line":421,"column":10},"end":{"line":421,"column":112}}},"fnMap":{},"branchMap":{"0":{"loc":{"start":{"line":343,"column":6},"end":{"line":347,"column":7}},"type":"if","locations":[{"start":{"line":343,"column":6},"end":{"line":347,"column":7}},{"start":{"line":343,"column":6},"end":{"line":347,"column":7}}],"line":343},"1":{"loc":{"start":{"line":343,"column":10},"end":{"line":343,"column":197}},"type":"binary-expr","locations":[{"start":{"line":343,"column":10},"end":{"line":343,"column":37}},{"start":{"line":343,"column":41},"end":{"line":343,"column":72}},{"start":{"line":343,"column":76},"end":{"line":343,"column":107}},{"start":{"line":343,"column":111},"end":{"line":343,"column":149}},{"start":{"line":343,"column":153},"end":{"line":343,"column":197}}],"line":343},"2":{"loc":{"start":{"line":354,"column":6},"end":{"line":358,"column":7}},"type":"if","locations":[{"start":{"line":354,"column":6},"end":{"line":358,"column":7}},{"start":{"line":354,"column":6},"end":{"line":358,"column":7}}],"line":354},"3":{"loc":{"start":{"line":362,"column":6},"end":{"line":366,"column":7}},"type":"if","locations":[{"start":{"line":362,"column":6},"end":{"line":366,"column":7}},{"start":{"line":362,"column":6},"end":{"line":366,"column":7}}],"line":362},"4":{"loc":{"start":{"line":370,"column":6},"end":{"line":374,"column":7}},"type":"if","locations":[{"start":{"line":370,"column":6},"end":{"line":374,"column":7}},{"start":{"line":370,"column":6},"end":{"line":374,"column":7}}],"line":370},"5":{"loc":{"start":{"line":377,"column":6},"end":{"line":381,"column":7}},"type":"if","locations":[{"start":{"line":377,"column":6},"end":{"line":381,"column":7}},{"start":{"line":377,"column":6},"end":{"line":381,"column":7}}],"line":377},"6":{"loc":{"start":{"line":385,"column":6},"end":{"line":389,"column":7}},"type":"if","locations":[{"start":{"line":385,"column":6},"end":{"line":389,"column":7}},{"start":{"line":385,"column":6},"end":{"line":389,"column":7}}],"line":385},"7":{"loc":{"start":{"line":395,"column":6},"end":{"line":399,"column":7}},"type":"if","locations":[{"start":{"line":395,"column":6},"end":{"line":399,"column":7}},{"start":{"line":395,"column":6},"end":{"line":399,"column":7}}],"line":395},"8":{"loc":{"start":{"line":419,"column":8},"end":{"line":422,"column":9}},"type":"if","locations":[{"start":{"line":419,"column":8},"end":{"line":422,"column":9}},{"start":{"line":419,"column":8},"end":{"line":422,"column":9}}],"line":419}},"s":{"0":14,"1":29,"2":22,"3":27,"4":23,"5":22,"6":21,"7":5,"8":20,"9":4,"10":3,"11":0,"12":3,"13":2,"14":1,"15":3,"16":2,"17":1,"18":2,"19":0,"20":2,"21":0,"22":0,"23":0,"24":2,"25":2,"26":2,"27":0,"28":2,"29":0,"30":0,"31":0,"32":0,"33":0,"34":0,"35":0,"36":0,"37":0,"38":0},"f":{},"b":{"0":[4,25],"1":[29,13,null,null,null],"2":[5,1],"3":[4,2],"4":[2,1],"5":[0,2],"6":[0,0],"7":[0,2],"8":[0,0]},"_coverageSchema":"332fd63041d2c1bcb487cc26dd0d5f7d97098a6c","hash":"04d842a9e42e7c54215d12334b51e1951c63abef"}
,"D:\\NODE\\CRUD\\client\\src\\components\\Login.vue": {"path":"D:\\NODE\\CRUD\\client\\src\\components\\Login.vue","statementMap":{"0":{"start":{"line":28,"column":0},"end":{"line":28,"column":null}},"1":{"start":{"line":31,"column":0},"end":{"line":31,"column":null}},"2":{"start":{"line":32,"column":0},"end":{"line":32,"column":null}},"3":{"start":{"line":43,"column":0},"end":{"line":43,"column":null}},"4":{"start":{"line":44,"column":0},"end":{"line":48,"column":null}},"5":{"start":{"line":44,"column":0},"end":{"line":44,"column":null}},"6":{"start":{"line":45,"column":0},"end":{"line":45,"column":null}},"7":{"start":{"line":46,"column":0},"end":{"line":46,"column":null}},"8":{"start":{"line":47,"column":0},"end":{"line":47,"column":null}},"9":{"start":{"line":52,"column":0},"end":{"line":52,"column":null}},"10":{"start":{"line":54,"column":0},"end":{"line":58,"column":null}},"11":{"start":{"line":54,"column":0},"end":{"line":54,"column":null}},"12":{"start":{"line":55,"column":0},"end":{"line":55,"column":null}},"13":{"start":{"line":56,"column":0},"end":{"line":56,"column":null}},"14":{"start":{"line":57,"column":0},"end":{"line":57,"column":null}},"15":{"start":{"line":60,"column":0},"end":{"line":60,"column":null}},"16":{"start":{"line":62,"column":0},"end":{"line":66,"column":null}},"17":{"start":{"line":62,"column":0},"end":{"line":62,"column":null}},"18":{"start":{"line":63,"column":0},"end":{"line":63,"column":null}},"19":{"start":{"line":64,"column":0},"end":{"line":64,"column":null}},"20":{"start":{"line":65,"column":0},"end":{"line":65,"column":null}},"21":{"start":{"line":68,"column":0},"end":{"line":68,"column":null}},"22":{"start":{"line":69,"column":0},"end":{"line":69,"column":null}},"23":{"start":{"line":68,"column":0},"end":{"line":71,"column":null}},"24":{"start":{"line":71,"column":0},"end":{"line":71,"column":null}},"25":{"start":{"line":75,"column":0},"end":{"line":75,"column":null}},"26":{"start":{"line":76,"column":0},"end":{"line":76,"column":null}},"27":{"start":{"line":78,"column":0},"end":{"line":78,"column":null}},"28":{"start":{"line":79,"column":0},"end":{"line":79,"column":null}},"29":{"start":{"line":80,"column":0},"end":{"line":80,"column":null}},"30":{"start":{"line":82,"column":0},"end":{"line":82,"column":null}}},"fnMap":{"0":{"name":"data","decl":{"start":{"line":31,"column":0},"end":{"line":31,"column":null}},"loc":{"start":{"line":31,"column":0},"end":{"line":41,"column":null}}},"1":{"name":"isDisabled","decl":{"start":{"line":43,"column":0},"end":{"line":43,"column":null}},"loc":{"start":{"line":43,"column":0},"end":{"line":49,"column":null}}},"2":{"name":"validateEmail","decl":{"start":{"line":52,"column":0},"end":{"line":52,"column":null}},"loc":{"start":{"line":52,"column":0},"end":{"line":59,"column":null}}},"3":{"name":"validatePassword","decl":{"start":{"line":60,"column":0},"end":{"line":60,"column":null}},"loc":{"start":{"line":60,"column":0},"end":{"line":67,"column":null}}},"4":{"name":"getLogin","decl":{"start":{"line":68,"column":0},"end":{"line":68,"column":null}},"loc":{"start":{"line":68,"column":0},"end":{"line":85,"column":null}}}},"branchMap":{"0":{"loc":{"start":{"line":44,"column":0},"end":{"line":48,"column":null}},"type":"if","locations":[{"start":{"line":44,"column":0},"end":{"line":48,"column":null}},{"start":{"line":44,"column":0},"end":{"line":48,"column":null}}]},"1":{"loc":{"start":{"line":44,"column":0},"end":{"line":44,"column":null}},"type":"binary-expr","locations":[{"start":{"line":44,"column":0},"end":{"line":44,"column":null}},{"start":{"line":44,"column":0},"end":{"line":44,"column":null}}]},"2":{"loc":{"start":{"line":54,"column":0},"end":{"line":58,"column":null}},"type":"if","locations":[{"start":{"line":54,"column":0},"end":{"line":58,"column":null}},{"start":{"line":54,"column":0},"end":{"line":58,"column":null}}]},"3":{"loc":{"start":{"line":62,"column":0},"end":{"line":66,"column":null}},"type":"if","locations":[{"start":{"line":62,"column":0},"end":{"line":66,"column":null}},{"start":{"line":62,"column":0},"end":{"line":66,"column":null}}]},"4":{"loc":{"start":{"line":68,"column":0},"end":{"line":71,"column":null}},"type":"switch","locations":[{"start":{"line":68,"column":0},"end":{"line":71,"column":null}},{"start":{"line":68,"column":0},"end":{"line":68,"column":null}},{"start":{"line":68,"column":0},"end":{"line":80,"column":null}},{"start":{"line":68,"column":0},"end":{"line":68,"column":null}},{"start":{"line":68,"column":0},"end":{"line":68,"column":null}}]},"5":{"loc":{"start":{"line":80,"column":0},"end":{"line":80,"column":null}},"type":"if","locations":[{"start":{"line":80,"column":0},"end":{"line":80,"column":null}},{"start":{"line":80,"column":0},"end":{"line":80,"column":null}}]}},"s":{"0":1,"1":6,"2":6,"3":9,"4":9,"5":4,"6":2,"7":14,"8":7,"9":3,"10":3,"11":4,"12":2,"13":2,"14":1,"15":3,"16":3,"17":4,"18":2,"19":2,"20":1,"21":0,"22":0,"23":0,"24":0,"25":0,"26":0,"27":0,"28":0,"29":0,"30":0},"f":{"0":6,"1":9,"2":3,"3":3,"4":0},"b":{"0":[2,7],"1":[9,2],"2":[2,1],"3":[2,1],"4":[0,0,0,0,0],"5":[0,0]}}
,"D:\\NODE\\CRUD\\client\\src\\components\\SignUp.vue": {"path":"D:\\NODE\\CRUD\\client\\src\\components\\SignUp.vue","statementMap":{"0":{"start":{"line":309,"column":0},"end":{"line":309,"column":null}},"1":{"start":{"line":310,"column":0},"end":{"line":310,"column":null}},"2":{"start":{"line":314,"column":0},"end":{"line":314,"column":null}},"3":{"start":{"line":315,"column":0},"end":{"line":315,"column":null}},"4":{"start":{"line":337,"column":0},"end":{"line":337,"column":null}},"5":{"start":{"line":338,"column":0},"end":{"line":338,"column":null}},"6":{"start":{"line":339,"column":0},"end":{"line":339,"column":null}},"7":{"start":{"line":340,"column":0},"end":{"line":340,"column":null}},"8":{"start":{"line":341,"column":0},"end":{"line":341,"column":null}},"9":{"start":{"line":342,"column":0},"end":{"line":342,"column":null}},"10":{"start":{"line":343,"column":0},"end":{"line":347,"column":null}},"11":{"start":{"line":343,"column":0},"end":{"line":343,"column":null}},"12":{"start":{"line":344,"column":0},"end":{"line":344,"column":null}},"13":{"start":{"line":345,"column":0},"end":{"line":345,"column":null}},"14":{"start":{"line":346,"column":0},"end":{"line":346,"column":null}},"15":{"start":{"line":353,"column":0},"end":{"line":353,"column":null}},"16":{"start":{"line":354,"column":0},"end":{"line":358,"column":null}},"17":{"start":{"line":354,"column":0},"end":{"line":354,"column":null}},"18":{"start":{"line":355,"column":0},"end":{"line":355,"column":null}},"19":{"start":{"line":356,"column":0},"end":{"line":356,"column":null}},"20":{"start":{"line":357,"column":0},"end":{"line":357,"column":null}},"21":{"start":{"line":360,"column":0},"end":{"line":360,"column":null}},"22":{"start":{"line":362,"column":0},"end":{"line":366,"column":null}},"23":{"start":{"line":362,"column":0},"end":{"line":362,"column":null}},"24":{"start":{"line":363,"column":0},"end":{"line":363,"column":null}},"25":{"start":{"line":364,"column":0},"end":{"line":364,"column":null}},"26":{"start":{"line":365,"column":0},"end":{"line":365,"column":null}},"27":{"start":{"line":368,"column":0},"end":{"line":368,"column":null}},"28":{"start":{"line":370,"column":0},"end":{"line":374,"column":null}},"29":{"start":{"line":370,"column":0},"end":{"line":370,"column":null}},"30":{"start":{"line":371,"column":0},"end":{"line":371,"column":null}},"31":{"start":{"line":372,"column":0},"end":{"line":372,"column":null}},"32":{"start":{"line":373,"column":0},"end":{"line":373,"column":null}},"33":{"start":{"line":376,"column":0},"end":{"line":376,"column":null}},"34":{"start":{"line":377,"column":0},"end":{"line":381,"column":null}},"35":{"start":{"line":377,"column":0},"end":{"line":377,"column":null}},"36":{"start":{"line":378,"column":0},"end":{"line":378,"column":null}},"37":{"start":{"line":379,"column":0},"end":{"line":379,"column":null}},"38":{"start":{"line":380,"column":0},"end":{"line":380,"column":null}},"39":{"start":{"line":383,"column":0},"end":{"line":383,"column":null}},"40":{"start":{"line":385,"column":0},"end":{"line":389,"column":null}},"41":{"start":{"line":385,"column":0},"end":{"line":385,"column":null}},"42":{"start":{"line":386,"column":0},"end":{"line":386,"column":null}},"43":{"start":{"line":387,"column":0},"end":{"line":387,"column":null}},"44":{"start":{"line":388,"column":0},"end":{"line":388,"column":null}},"45":{"start":{"line":393,"column":0},"end":{"line":393,"column":null}},"46":{"start":{"line":394,"column":0},"end":{"line":394,"column":null}},"47":{"start":{"line":392,"column":0},"end":{"line":392,"column":null}},"48":{"start":{"line":395,"column":0},"end":{"line":399,"column":null}},"49":{"start":{"line":395,"column":0},"end":{"line":395,"column":null}},"50":{"start":{"line":396,"column":0},"end":{"line":396,"column":null}},"51":{"start":{"line":397,"column":0},"end":{"line":397,"column":null}},"52":{"start":{"line":398,"column":0},"end":{"line":398,"column":null}},"53":{"start":{"line":402,"column":0},"end":{"line":402,"column":null}},"54":{"start":{"line":402,"column":0},"end":{"line":404,"column":null}},"55":{"start":{"line":404,"column":0},"end":{"line":404,"column":null}},"56":{"start":{"line":413,"column":0},"end":{"line":413,"column":null}},"57":{"start":{"line":414,"column":0},"end":{"line":414,"column":null}},"58":{"start":{"line":415,"column":0},"end":{"line":415,"column":null}},"59":{"start":{"line":417,"column":0},"end":{"line":417,"column":null}},"60":{"start":{"line":418,"column":0},"end":{"line":418,"column":null}},"61":{"start":{"line":419,"column":0},"end":{"line":419,"column":null}},"62":{"start":{"line":420,"column":0},"end":{"line":420,"column":null}},"63":{"start":{"line":421,"column":0},"end":{"line":421,"column":null}}},"fnMap":{"0":{"name":"data","decl":{"start":{"line":314,"column":0},"end":{"line":314,"column":null}},"loc":{"start":{"line":314,"column":0},"end":{"line":335,"column":null}}},"1":{"name":"isDisabled","decl":{"start":{"line":337,"column":0},"end":{"line":337,"column":null}},"loc":{"start":{"line":337,"column":0},"end":{"line":348,"column":null}}},"2":{"name":"validateName","decl":{"start":{"line":353,"column":0},"end":{"line":353,"column":null}},"loc":{"start":{"line":353,"column":0},"end":{"line":359,"column":null}}},"3":{"name":"validateEmail","decl":{"start":{"line":360,"column":0},"end":{"line":360,"column":null}},"loc":{"start":{"line":360,"column":0},"end":{"line":367,"column":null}}},"4":{"name":"validatePassword","decl":{"start":{"line":368,"column":0},"end":{"line":368,"column":null}},"loc":{"start":{"line":368,"column":0},"end":{"line":375,"column":null}}},"5":{"name":"validateConfirm_Password","decl":{"start":{"line":376,"column":0},"end":{"line":376,"column":null}},"loc":{"start":{"line":376,"column":0},"end":{"line":382,"column":null}}},"6":{"name":"validateAge","decl":{"start":{"line":383,"column":0},"end":{"line":383,"column":null}},"loc":{"start":{"line":383,"column":0},"end":{"line":390,"column":null}}},"7":{"name":"validateBirthdate","decl":{"start":{"line":392,"column":0},"end":{"line":392,"column":null}},"loc":{"start":{"line":392,"column":0},"end":{"line":400,"column":null}}},"8":{"name":"postData","decl":{"start":{"line":402,"column":0},"end":{"line":402,"column":null}},"loc":{"start":{"line":402,"column":0},"end":{"line":424,"column":null}}}},"branchMap":{"0":{"loc":{"start":{"line":343,"column":0},"end":{"line":347,"column":null}},"type":"if","locations":[{"start":{"line":343,"column":0},"end":{"line":347,"column":null}},{"start":{"line":343,"column":0},"end":{"line":347,"column":null}}]},"1":{"loc":{"start":{"line":343,"column":0},"end":{"line":343,"column":null}},"type":"binary-expr","locations":[{"start":{"line":343,"column":0},"end":{"line":343,"column":null}},{"start":{"line":343,"column":0},"end":{"line":343,"column":null}},{"start":{"line":343,"column":0},"end":{"line":343,"column":null}},{"start":{"line":343,"column":0},"end":{"line":343,"column":null}},{"start":{"line":343,"column":0},"end":{"line":343,"column":null}}]},"2":{"loc":{"start":{"line":354,"column":0},"end":{"line":358,"column":null}},"type":"if","locations":[{"start":{"line":354,"column":0},"end":{"line":358,"column":null}},{"start":{"line":354,"column":0},"end":{"line":358,"column":null}}]},"3":{"loc":{"start":{"line":362,"column":0},"end":{"line":366,"column":null}},"type":"if","locations":[{"start":{"line":362,"column":0},"end":{"line":366,"column":null}},{"start":{"line":362,"column":0},"end":{"line":366,"column":null}}]},"4":{"loc":{"start":{"line":370,"column":0},"end":{"line":374,"column":null}},"type":"if","locations":[{"start":{"line":370,"column":0},"end":{"line":374,"column":null}},{"start":{"line":370,"column":0},"end":{"line":374,"column":null}}]},"5":{"loc":{"start":{"line":377,"column":0},"end":{"line":381,"column":null}},"type":"if","locations":[{"start":{"line":377,"column":0},"end":{"line":381,"column":null}},{"start":{"line":377,"column":0},"end":{"line":381,"column":null}}]},"6":{"loc":{"start":{"line":385,"column":0},"end":{"line":389,"column":null}},"type":"if","locations":[{"start":{"line":385,"column":0},"end":{"line":389,"column":null}},{"start":{"line":385,"column":0},"end":{"line":389,"column":null}}]},"7":{"loc":{"start":{"line":395,"column":0},"end":{"line":399,"column":null}},"type":"if","locations":[{"start":{"line":395,"column":0},"end":{"line":399,"column":null}},{"start":{"line":395,"column":0},"end":{"line":399,"column":null}}]},"8":{"loc":{"start":{"line":402,"column":0},"end":{"line":404,"column":null}},"type":"switch","locations":[{"start":{"line":402,"column":0},"end":{"line":404,"column":null}},{"start":{"line":402,"column":0},"end":{"line":402,"column":null}},{"start":{"line":402,"column":0},"end":{"line":419,"column":null}},{"start":{"line":402,"column":0},"end":{"line":402,"column":null}},{"start":{"line":402,"column":0},"end":{"line":402,"column":null}}]},"9":{"loc":{"start":{"line":419,"column":0},"end":{"line":419,"column":null}},"type":"if","locations":[{"start":{"line":419,"column":0},"end":{"line":419,"column":null}},{"start":{"line":419,"column":0},"end":{"line":419,"column":null}}]}},"s":{"0":1,"1":1,"2":8,"3":8,"4":120,"5":20,"6":20,"7":20,"8":20,"9":20,"10":20,"11":4,"12":2,"13":36,"14":18,"15":3,"16":3,"17":6,"18":3,"19":0,"20":0,"21":3,"22":3,"23":4,"24":2,"25":2,"26":1,"27":3,"28":3,"29":4,"30":2,"31":2,"32":1,"33":2,"34":2,"35":0,"36":0,"37":4,"38":2,"39":0,"40":0,"41":0,"42":0,"43":0,"44":0,"45":2,"46":2,"47":2,"48":2,"49":0,"50":0,"51":4,"52":2,"53":0,"54":0,"55":0,"56":0,"57":0,"58":0,"59":0,"60":0,"61":0,"62":0,"63":0},"f":{"0":8,"1":20,"2":3,"3":3,"4":3,"5":2,"6":0,"7":2,"8":0},"b":{"0":[2,18],"1":[20,11,8,6,4],"2":[3,0],"3":[2,1],"4":[2,1],"5":[0,2],"6":[0,0],"7":[0,2],"8":[0,0,0,0,0],"9":[0,0]}}
,"D:\\NODE\\CRUD\\client\\src\\services\\AuthenticationService.js": {"path":"D:\\NODE\\CRUD\\client\\src\\services\\AuthenticationService.js","statementMap":{"0":{"start":{"line":2,"column":0},"end":{"line":2,"column":24}},"1":{"start":{"line":6,"column":4},"end":{"line":6,"column":30}},"2":{"start":{"line":9,"column":4},"end":{"line":9,"column":44}},"3":{"start":{"line":12,"column":4},"end":{"line":12,"column":24}},"4":{"start":{"line":15,"column":4},"end":{"line":15,"column":39}},"5":{"start":{"line":18,"column":4},"end":{"line":18,"column":25}},"6":{"start":{"line":19,"column":4},"end":{"line":19,"column":28}},"7":{"start":{"line":20,"column":4},"end":{"line":20,"column":45}},"8":{"start":{"line":23,"column":4},"end":{"line":23,"column":26}},"9":{"start":{"line":25,"column":4},"end":{"line":25,"column":30}},"10":{"start":{"line":28,"column":4},"end":{"line":28,"column":27}},"11":{"start":{"line":30,"column":4},"end":{"line":30,"column":45}},"12":{"start":{"line":33,"column":4},"end":{"line":33,"column":27}},"13":{"start":{"line":35,"column":4},"end":{"line":35,"column":45}}},"fnMap":{"0":{"name":"(anonymous_0)","decl":{"start":{"line":5,"column":2},"end":{"line":5,"column":3}},"loc":{"start":{"line":5,"column":25},"end":{"line":10,"column":3}},"line":5},"1":{"name":"(anonymous_1)","decl":{"start":{"line":11,"column":2},"end":{"line":11,"column":3}},"loc":{"start":{"line":11,"column":22},"end":{"line":16,"column":3}},"line":11},"2":{"name":"(anonymous_2)","decl":{"start":{"line":17,"column":2},"end":{"line":17,"column":3}},"loc":{"start":{"line":17,"column":20},"end":{"line":21,"column":3}},"line":17},"3":{"name":"(anonymous_3)","decl":{"start":{"line":22,"column":2},"end":{"line":22,"column":3}},"loc":{"start":{"line":22,"column":10},"end":{"line":26,"column":3}},"line":22},"4":{"name":"(anonymous_4)","decl":{"start":{"line":27,"column":2},"end":{"line":27,"column":3}},"loc":{"start":{"line":27,"column":23},"end":{"line":31,"column":3}},"line":27},"5":{"name":"(anonymous_5)","decl":{"start":{"line":32,"column":2},"end":{"line":32,"column":3}},"loc":{"start":{"line":32,"column":23},"end":{"line":36,"column":3}},"line":32}},"branchMap":{},"s":{"0":2,"1":0,"2":0,"3":0,"4":0,"5":0,"6":0,"7":0,"8":0,"9":0,"10":0,"11":0,"12":0,"13":0},"f":{"0":0,"1":0,"2":0,"3":0,"4":0,"5":0},"b":{},"_coverageSchema":"43e27e138ebf9cfc5966b082cf9a028302ed4184","hash":"7f101bd17d686ae51437431e326add0439e4a13a"}
,"D:\\NODE\\CRUD\\client\\src\\services\\api.js": {"path":"D:\\NODE\\CRUD\\client\\src\\services\\api.js","statementMap":{"0":{"start":{"line":4,"column":2},"end":{"line":6,"column":4}}},"fnMap":{"0":{"name":"(anonymous_0)","decl":{"start":{"line":3,"column":15},"end":{"line":3,"column":16}},"loc":{"start":{"line":3,"column":21},"end":{"line":7,"column":1}},"line":3}},"branchMap":{},"s":{"0":0},"f":{"0":0},"b":{},"_coverageSchema":"43e27e138ebf9cfc5966b082cf9a028302ed4184","hash":"00e8fb287fe80384b18a741c07767072d5fc5dd5"}
}
