TN:
SF:unknown
FNF:0
FNH:0
DA:32,7
DA:44,7
DA:45,0
DA:47,7
DA:54,0
DA:55,0
DA:57,0
DA:62,0
DA:63,0
DA:65,0
DA:69,0
DA:70,0
DA:71,0
DA:75,0
DA:76,0
DA:78,0
DA:79,0
DA:80,0
DA:82,0
LF:19
LH:3
BRDA:44,0,0,0
BRDA:44,0,1,7
BRDA:44,1,0,7
BRDA:44,1,1,0
BRDA:54,2,0,0
BRDA:54,2,1,0
BRDA:62,3,0,0
BRDA:62,3,1,0
BRDA:80,4,0,0
BRDA:80,4,1,0
BRF:10
BRH:2
end_of_record
TN:
SF:D:\NODE\CRUD\client\src\components\Login.vue
FN:31,data
FN:43,isDisabled
FN:52,validateEmail
FN:60,validatePassword
FN:68,getLogin
FNF:5
FNH:2
FNDA:7,data
FNDA:7,isDisabled
FNDA:0,validateEmail
FNDA:0,validatePassword
FNDA:0,getLogin
DA:28,1
DA:31,7
DA:32,7
DA:43,7
DA:44,7
DA:45,0
DA:46,14
DA:47,7
DA:52,0
DA:54,0
DA:55,0
DA:56,0
DA:57,0
DA:60,0
DA:62,0
DA:63,0
DA:64,0
DA:65,0
DA:68,0
DA:69,0
DA:71,0
DA:75,0
DA:76,0
DA:78,0
DA:79,0
DA:80,0
DA:82,0
LF:27
LH:7
BRDA:44,0,0,0
BRDA:44,0,1,7
BRDA:44,1,0,7
BRDA:44,1,1,0
BRDA:54,2,0,0
BRDA:54,2,1,0
BRDA:62,3,0,0
BRDA:62,3,1,0
BRDA:68,4,0,0
BRDA:68,4,1,0
BRDA:68,4,2,0
BRDA:68,4,3,0
BRDA:68,4,4,0
BRDA:80,5,0,0
BRDA:80,5,1,0
BRF:15
BRH:2
end_of_record
TN:
SF:D:\NODE\CRUD\client\src\services\AuthenticationService.js
FN:5,(anonymous_0)
FN:11,(anonymous_1)
FN:17,(anonymous_2)
FN:22,(anonymous_3)
FN:27,(anonymous_4)
FN:32,(anonymous_5)
FNF:6
FNH:0
FNDA:0,(anonymous_0)
FNDA:0,(anonymous_1)
FNDA:0,(anonymous_2)
FNDA:0,(anonymous_3)
FNDA:0,(anonymous_4)
FNDA:0,(anonymous_5)
DA:2,1
DA:6,0
DA:9,0
DA:12,0
DA:15,0
DA:18,0
DA:19,0
DA:20,0
DA:23,0
DA:25,0
DA:28,0
DA:30,0
DA:33,0
DA:35,0
LF:14
LH:1
BRF:0
BRH:0
end_of_record
TN:
SF:D:\NODE\CRUD\client\src\services\api.js
FN:3,(anonymous_0)
FNF:1
FNH:0
FNDA:0,(anonymous_0)
DA:4,0
LF:1
LH:0
BRF:0
BRH:0
end_of_record
