TN:
SF:unknown
FNF:0
FNH:0
DA:315,14
DA:338,29
DA:339,22
DA:340,27
DA:341,23
DA:342,22
DA:343,21
DA:344,5
DA:346,20
DA:354,4
DA:355,3
DA:357,0
DA:362,3
DA:363,2
DA:365,1
DA:370,3
DA:371,2
DA:373,1
DA:377,2
DA:378,0
DA:380,2
DA:385,0
DA:386,0
DA:388,0
DA:393,2
DA:394,2
DA:395,2
DA:396,0
DA:398,2
DA:403,0
DA:404,0
DA:413,0
DA:414,0
DA:415,0
DA:417,0
DA:418,0
DA:419,0
DA:420,0
DA:421,0
LF:39
LH:23
BRDA:343,0,0,4
BRDA:343,0,1,25
BRDA:343,1,0,29
BRDA:343,1,1,13
BRDA:343,1,2,NaN
BRDA:343,1,3,NaN
BRDA:343,1,4,NaN
BRDA:354,2,0,5
BRDA:354,2,1,1
BRDA:362,3,0,4
BRDA:362,3,1,2
BRDA:370,4,0,2
BRDA:370,4,1,1
BRDA:377,5,0,0
BRDA:377,5,1,2
BRDA:385,6,0,0
BRDA:385,6,1,0
BRDA:395,7,0,0
BRDA:395,7,1,2
BRDA:419,8,0,0
BRDA:419,8,1,0
BRF:21
BRH:12
end_of_record
TN:
SF:D:\NODE\CRUD\client\src\components\Login.vue
FN:31,data
FN:43,isDisabled
FN:52,validateEmail
FN:60,validatePassword
FN:68,getLogin
FNF:5
FNH:4
FNDA:6,data
FNDA:9,isDisabled
FNDA:3,validateEmail
FNDA:3,validatePassword
FNDA:0,getLogin
DA:28,1
DA:31,6
DA:32,6
DA:43,9
DA:44,9
DA:45,2
DA:46,14
DA:47,7
DA:52,3
DA:54,4
DA:55,2
DA:56,2
DA:57,1
DA:60,3
DA:62,4
DA:63,2
DA:64,2
DA:65,1
DA:68,0
DA:69,0
DA:71,0
DA:75,0
DA:76,0
DA:78,0
DA:79,0
DA:80,0
DA:82,0
LF:27
LH:18
BRDA:44,0,0,2
BRDA:44,0,1,7
BRDA:44,1,0,9
BRDA:44,1,1,2
BRDA:54,2,0,2
BRDA:54,2,1,1
BRDA:62,3,0,2
BRDA:62,3,1,1
BRDA:68,4,0,0
BRDA:68,4,1,0
BRDA:68,4,2,0
BRDA:68,4,3,0
BRDA:68,4,4,0
BRDA:80,5,0,0
BRDA:80,5,1,0
BRF:15
BRH:8
end_of_record
TN:
SF:D:\NODE\CRUD\client\src\components\SignUp.vue
FN:314,data
FN:337,isDisabled
FN:353,validateName
FN:360,validateEmail
FN:368,validatePassword
FN:376,validateConfirm_Password
FN:383,validateAge
FN:392,validateBirthdate
FN:402,postData
FNF:9
FNH:7
FNDA:8,data
FNDA:20,isDisabled
FNDA:3,validateName
FNDA:3,validateEmail
FNDA:3,validatePassword
FNDA:2,validateConfirm_Password
FNDA:0,validateAge
FNDA:2,validateBirthdate
FNDA:0,postData
DA:309,1
DA:310,1
DA:314,8
DA:315,8
DA:337,120
DA:338,20
DA:339,20
DA:340,20
DA:341,20
DA:342,20
DA:343,20
DA:344,2
DA:345,36
DA:346,18
DA:353,3
DA:354,6
DA:355,3
DA:356,0
DA:357,0
DA:360,3
DA:362,4
DA:363,2
DA:364,2
DA:365,1
DA:368,3
DA:370,4
DA:371,2
DA:372,2
DA:373,1
DA:376,2
DA:377,2
DA:378,0
DA:379,4
DA:380,2
DA:383,0
DA:385,0
DA:386,0
DA:387,0
DA:388,0
DA:392,2
DA:393,2
DA:394,2
DA:395,2
DA:396,0
DA:397,4
DA:398,2
DA:402,0
DA:404,0
DA:413,0
DA:414,0
DA:415,0
DA:417,0
DA:418,0
DA:419,0
DA:420,0
DA:421,0
LF:56
LH:37
BRDA:343,0,0,2
BRDA:343,0,1,18
BRDA:343,1,0,20
BRDA:343,1,1,11
BRDA:343,1,2,8
BRDA:343,1,3,6
BRDA:343,1,4,4
BRDA:354,2,0,3
BRDA:354,2,1,0
BRDA:362,3,0,2
BRDA:362,3,1,1
BRDA:370,4,0,2
BRDA:370,4,1,1
BRDA:377,5,0,0
BRDA:377,5,1,2
BRDA:385,6,0,0
BRDA:385,6,1,0
BRDA:395,7,0,0
BRDA:395,7,1,2
BRDA:402,8,0,0
BRDA:402,8,1,0
BRDA:402,8,2,0
BRDA:402,8,3,0
BRDA:402,8,4,0
BRDA:419,9,0,0
BRDA:419,9,1,0
BRF:26
BRH:14
end_of_record
TN:
SF:D:\NODE\CRUD\client\src\services\AuthenticationService.js
FN:5,(anonymous_0)
FN:11,(anonymous_1)
FN:17,(anonymous_2)
FN:22,(anonymous_3)
FN:27,(anonymous_4)
FN:32,(anonymous_5)
FNF:6
FNH:0
FNDA:0,(anonymous_0)
FNDA:0,(anonymous_1)
FNDA:0,(anonymous_2)
FNDA:0,(anonymous_3)
FNDA:0,(anonymous_4)
FNDA:0,(anonymous_5)
DA:2,2
DA:6,0
DA:9,0
DA:12,0
DA:15,0
DA:18,0
DA:19,0
DA:20,0
DA:23,0
DA:25,0
DA:28,0
DA:30,0
DA:33,0
DA:35,0
LF:14
LH:1
BRF:0
BRH:0
end_of_record
TN:
SF:D:\NODE\CRUD\client\src\services\api.js
FN:3,(anonymous_0)
FNF:1
FNH:0
FNDA:0,(anonymous_0)
DA:4,0
LF:1
LH:0
BRF:0
BRH:0
end_of_record
